added manifest
adding: ChatBox$1.class(in = 805) (out= 514)(deflated 36%)
adding: ChatBox.class(in = 2810) (out= 1554)(deflated 44%)
adding: Client.class(in = 2927) (out= 1555)(deflated 46%)
adding: Controller$1.class(in = 639) (out= 442)(deflated 30%)
adding: Controller$2.class(in = 646) (out= 448)(deflated 30%)
adding: Controller$3.class(in = 602) (out= 414)(deflated 31%)
adding: Controller$4.class(in = 615) (out= 421)(deflated 31%)
adding: Controller$ExitButtonListener.class(in = 714) (out= 474)(deflated 33%)
adding: Controller$GameInfoListener.class(in = 660) (out= 434)(deflated 34%)
adding: Controller$GameUpdateListener.class(in = 666) (out= 444)(deflated 33%)
adding: Controller$NextUpdate.class(in = 767) (out= 502)(deflated 34%)
adding: Controller$PlaceToken.class(in = 2072) (out= 1210)(deflated 41%)
adding: Controller$ResetGameListener.class(in = 1342) (out= 829)(deflated 38%)
adding: Controller$RulesListener.class(in = 1302) (out= 793)(deflated 39%)
adding: Controller.class(in = 3426) (out= 1719)(deflated 49%)
adding: GameBoard.class(in = 4880) (out= 2663)(deflated 45%)
adding: GameInfo.class(in = 7465) (out= 3719)(deflated 50%)
adding: Header.class(in = 879) (out= 568)(deflated 35%)
adding: Main.class(in = 2815) (out= 1570)(deflated 44%)
adding: MenuBar.class(in = 4339) (out= 2091)(deflated 51%)
adding: Model.class(in = 1911) (out= 1068)(deflated 44%)
adding: Network.class(in = 2619) (out= 1436)(deflated 45%)
adding: Server.class(in = 2516) (out= 1307)(deflated 48%)
adding: SplashScreen$1.class(in = 981) (out= 649)(deflated 33%)
adding: SplashScreen.class(in = 1334) (out= 846)(deflated 36%)
adding: StartGame$1.class(in = 754) (out= 469)(deflated 37%)
adding: StartGame$2.class(in = 753) (out= 468)(deflated 37%)
adding: StartGame$3.class(in = 720) (out= 459)(deflated 36%)
adding: StartGame$4.class(in = 722) (out= 462)(deflated 36%)
adding: StartGame.class(in = 10116) (out= 4950)(deflated 51%)
adding: out/(in = 0) (out= 0)(stored 0%)
adding: out/production/(in = 0) (out= 0)(stored 0%)
adding: out/production/Connect 4/(in = 0) (out= 0)(stored 0%)
adding: out/production/Connect 4/JAPLabsSwing.jar(in = 159438) (out= 157045)(deflated 1%)
adding: out/production/Connect-4/(in = 0) (out= 0)(stored 0%)
adding: out/production/Connect-4/Connect-4.jar(in = 368784) (out= 365594)(deflated 0%)
adding: out/production/Connect-4/JAPLabsSwing.jar(in = 185639) (out= 182971)(deflated 1%)
